[debug] [2018-08-07T14:36:14.381Z] ----------------------------------------------------------------------
[debug] [2018-08-07T14:36:14.383Z] Command:       /usr/local/bin/node /usr/local/bin/firebase deploy
[debug] [2018-08-07T14:36:14.383Z] CLI Version:   4.0.3
[debug] [2018-08-07T14:36:14.383Z] Platform:      darwin
[debug] [2018-08-07T14:36:14.383Z] Node Version:  v8.11.2
[debug] [2018-08-07T14:36:14.384Z] Time:          Tue Aug 07 2018 16:36:14 GMT+0200 (CEST)
[debug] [2018-08-07T14:36:14.384Z] ----------------------------------------------------------------------
[debug] 
[debug] [2018-08-07T14:36:14.393Z] > command requires scopes: ["email","openid","https://www.googleapis.com/auth/cloudplatformprojects.readonly","https://www.googleapis.com/auth/firebase","https://www.googleapis.com/auth/cloud-platform"]
[debug] [2018-08-07T14:36:14.393Z] > authorizing via signed-in user
[debug] [2018-08-07T14:36:14.395Z] >>> HTTP REQUEST GET https://admin.firebase.com/v1/projects/actions-codelab-2-5d563  
  
 Tue Aug 07 2018 16:36:14 GMT+0200 (CEST)
[debug] [2018-08-07T14:36:15.039Z] <<< HTTP RESPONSE 200
[debug] [2018-08-07T14:36:15.039Z] >>> HTTP REQUEST GET https://admin.firebase.com/v1/database/actions-codelab-2-5d563/tokens  
  
 Tue Aug 07 2018 16:36:15 GMT+0200 (CEST)
[debug] [2018-08-07T14:36:15.599Z] <<< HTTP RESPONSE 200
[warn] ⚠  functions: package.json indicates an outdated version of firebase-functions.
 Please upgrade using npm install --save firebase-functions@latest in your functions directory.
[info] 
[info] === Deploying to 'actions-codelab-2-5d563'...
[info] 
[info] i  deploying functions
[debug] [2018-08-07T14:36:18.094Z] > [functions] package.json contents: {
  "name": "fortnightvoiceapp",
  "version": "1.0.0",
  "description": "fortnight action",
  "main": "index.js",
  "scripts": {
    "test": "echo \"Error: no test specified\" && exit 1",
    "lint": "eslint .",
    "serve": "firebase serve --only functions",
    "shell": "firebase experimental:functions:shell",
    "start": "npm run shell",
    "deploy": "firebase deploy --only functions",
    "logs": "firebase functions:log"
  },
  "author": "MediaMonks",
  "license": "ISC",
  "dependencies": {
    "actions-on-google": "^2.0.0",
    "body-parser": "^1.18.3",
    "cookie-parser": "^1.4.3",
    "express": "^4.16.3",
    "firebase": "^5.3.1",
    "firebase-admin": "^5.13.1",
    "firebase-functions": "^1.1.0",
    "path": "^0.12.7",
    "request": "^2.87.0"
  },
  "devDependencies": {
    "eslint": "^4.19.0",
    "eslint-config-google": "^0.9.1"
  }
}
[info] i  functions: ensuring necessary APIs are enabled...
[debug] [2018-08-07T14:36:18.094Z] >>> HTTP REQUEST GET https://servicemanagement.googleapis.com/v1/services/cloudfunctions.googleapis.com/projectSettings/actions-codelab-2-5d563?view=CONSUMER_VIEW  
  
 Tue Aug 07 2018 16:36:18 GMT+0200 (CEST)
[debug] [2018-08-07T14:36:18.095Z] >>> HTTP REQUEST GET https://servicemanagement.googleapis.com/v1/services/runtimeconfig.googleapis.com/projectSettings/actions-codelab-2-5d563?view=CONSUMER_VIEW  
  
 Tue Aug 07 2018 16:36:18 GMT+0200 (CEST)
[debug] [2018-08-07T14:36:19.465Z] <<< HTTP RESPONSE 200
[debug] [2018-08-07T14:36:19.468Z] <<< HTTP RESPONSE 200
[info] ✔  functions: all necessary APIs are enabled
[debug] [2018-08-07T14:36:19.469Z] >>> HTTP REQUEST GET https://cloudresourcemanager.googleapis.com/v1/projects/actions-codelab-2-5d563  
  
 Tue Aug 07 2018 16:36:19 GMT+0200 (CEST)
[debug] [2018-08-07T14:36:20.380Z] <<< HTTP RESPONSE 200
[debug] [2018-08-07T14:36:20.381Z] >>> HTTP REQUEST GET https://mobilesdk-pa.googleapis.com/v1/projects/211291573672:getServerAppConfig  
  
 Tue Aug 07 2018 16:36:20 GMT+0200 (CEST)
[debug] [2018-08-07T14:36:21.302Z] <<< HTTP RESPONSE 200
[info] i  functions: preparing functions directory for uploading...
[debug] [2018-08-07T14:36:21.304Z] >>> HTTP REQUEST GET https://runtimeconfig.googleapis.com/v1beta1/projects/actions-codelab-2-5d563/configs  
  
 Tue Aug 07 2018 16:36:21 GMT+0200 (CEST)
[debug] [2018-08-07T14:36:21.572Z] <<< HTTP RESPONSE 200
[info] i  functions: packaged functions (57.35 KB) for uploading
[debug] [2018-08-07T14:36:22.214Z] >>> HTTP REQUEST POST https://cloudfunctions.googleapis.com/v1/projects/actions-codelab-2-5d563/locations/us-central1/functions:generateUploadUrl  
  
 Tue Aug 07 2018 16:36:22 GMT+0200 (CEST)
[debug] [2018-08-07T14:36:22.838Z] <<< HTTP RESPONSE 200
[debug] [2018-08-07T14:36:22.838Z] >>> HTTP REQUEST PUT https://storage.googleapis.com/gcf-upload-us-central1-be7353c6-72f3-4f68-a6a1-e872f8fa737d/2d96430a-73fd-4de4-bb7e-0f624bf7e107.zip?GoogleAccessId=service-211291573672@gcf-admin-robot.iam.gserviceaccount.com&Expires=1533654382&Signature=4PGhTkouVSHlP6RD5dlyHAVXKO5oFSgAmupHIiem8VKeBNPKmn4LKyhSNktqHNcfXhmvcYtENGg4Ylr%2FVdQ7%2FYMZWI6894tlW9ZXwuPdqF1Y67PndrSVPPGZ2gZFzPCn7Yb%2B24H3trXlwVY5UG6Cjg6zcarrFugJ%2FH5mBH6eiNZfJ%2BS%2B3c9cuFDRJ7QTVr%2BPQp4yCD5uM8VNRzNIM3PJwEHvmgcjYAWj7Jrh%2BZey48h%2BGxJbfbJ4pmxhBPrhr8Hk50brf%2BolI37%2FKpC1l5oPIPpMyYQJLv3ecKU0Y8Ho8SJ%2FhrkW8oZk%2BeNBF2n%2BdIko5pI8tmaw3VbC3bdz0BPiRw%3D%3D  
 ReadStream {
  _readableState: 
   ReadableState {
     objectMode: false,
     highWaterMark: 65536,
     buffer: BufferList { head: [Object], tail: [Object], length: 1 },
     length: 58731,
     pipes: null,
     pipesCount: 0,
     flowing: null,
     ended: true,
     endEmitted: false,
     reading: false,
     sync: false,
     needReadable: false,
     emittedReadable: true,
     readableListening: false,
     resumeScheduled: false,
     destroyed: false,
     defaultEncoding: 'utf8',
     awaitDrain: 0,
     readingMore: false,
     decoder: null,
     encoding: null },
  readable: true,
  domain: null,
  _events: { end: [Function] },
  _eventsCount: 1,
  _maxListeners: undefined,
  path: '/var/folders/1s/0920rk852x90hc4z2v3y05800000gn/T/firebase-functions-35307XQvEyyzpUBeZ.zip',
  fd: 19,
  flags: 'r',
  mode: 438,
  start: undefined,
  end: Infinity,
  autoClose: true,
  pos: undefined,
  bytesRead: 58731 } 
 Tue Aug 07 2018 16:36:22 GMT+0200 (CEST)
[debug] [2018-08-07T14:36:23.350Z] <<< HTTP RESPONSE 200
[info] ✔  functions: functions folder uploaded successfully
[debug] [2018-08-07T14:36:23.353Z] >>> HTTP REQUEST GET https://cloudfunctions.googleapis.com/v1/projects/actions-codelab-2-5d563/locations/-/functions  
  
 Tue Aug 07 2018 16:36:23 GMT+0200 (CEST)
[debug] [2018-08-07T14:36:23.966Z] <<< HTTP RESPONSE 200
[info] i  functions: updating Node.js 6 function dialogflowFirebaseFulfillment(us-central1)...
[debug] [2018-08-07T14:36:23.970Z] Trigger is:  {"httpsTrigger":{}}
[debug] [2018-08-07T14:36:23.971Z] >>> HTTP REQUEST PATCH https://cloudfunctions.googleapis.com/v1/projects/actions-codelab-2-5d563/locations/us-central1/functions/dialogflowFirebaseFulfillment 
query params: {"updateMask":"sourceUploadUrl,name,labels,httpsTrigger"} 
 { sourceUploadUrl: 'https://storage.googleapis.com/gcf-upload-us-central1-be7353c6-72f3-4f68-a6a1-e872f8fa737d/2d96430a-73fd-4de4-bb7e-0f624bf7e107.zip?GoogleAccessId=service-211291573672@gcf-admin-robot.iam.gserviceaccount.com&Expires=1533654382&Signature=4PGhTkouVSHlP6RD5dlyHAVXKO5oFSgAmupHIiem8VKeBNPKmn4LKyhSNktqHNcfXhmvcYtENGg4Ylr%2FVdQ7%2FYMZWI6894tlW9ZXwuPdqF1Y67PndrSVPPGZ2gZFzPCn7Yb%2B24H3trXlwVY5UG6Cjg6zcarrFugJ%2FH5mBH6eiNZfJ%2BS%2B3c9cuFDRJ7QTVr%2BPQp4yCD5uM8VNRzNIM3PJwEHvmgcjYAWj7Jrh%2BZey48h%2BGxJbfbJ4pmxhBPrhr8Hk50brf%2BolI37%2FKpC1l5oPIPpMyYQJLv3ecKU0Y8Ho8SJ%2FhrkW8oZk%2BeNBF2n%2BdIko5pI8tmaw3VbC3bdz0BPiRw%3D%3D',
  name: 'projects/actions-codelab-2-5d563/locations/us-central1/functions/dialogflowFirebaseFulfillment',
  labels: { 'deployment-tool': 'cli-firebase' },
  httpsTrigger: {} } 
 Tue Aug 07 2018 16:36:23 GMT+0200 (CEST)
[debug] [2018-08-07T14:36:24.682Z] <<< HTTP RESPONSE 200
[debug] [2018-08-07T14:36:24.684Z] >>> HTTP REQUEST GET https://cloudfunctions.googleapis.com/v1/projects/actions-codelab-2-5d563/locations/-/functions  
  
 Tue Aug 07 2018 16:36:24 GMT+0200 (CEST)
